<?xml version="1.0" encoding="UTF-8"?>
<!-- Generated by org.testng.reporters.JUnitXMLReporter -->
<testsuite ignored="0" hostname="LAPTOP-P8997V13" failures="0" tests="2" name="resumeUploadinProfilePage" time="13.634" errors="0" timestamp="2026-02-03T10:24:35 IST">
  <testcase classname="testCases.resumeUploadingProfilePage" name="clickOnUpdateProfileLink" time="4.386"/>
  <testcase classname="testCases.resumeUploadingProfilePage" name="uploadResume" time="4.205"/>
</testsuite> <!-- resumeUploadinProfilePage -->
