<?xml version="1.0" encoding="UTF-8"?>
<!-- Generated by org.testng.reporters.JUnitXMLReporter -->
<testsuite ignored="0" hostname="LAPTOP-P8997V13" failures="0" tests="2" name="resumeUploadinProfilePage" time="20.716" errors="0" timestamp="2025-09-02T18:44:13 IST">
  <testcase classname="testCases.resumeUploadinProfilePage" name="clickOnUpdatePrifileLink" time="4.512"/>
  <testcase classname="testCases.resumeUploadinProfilePage" name="uploadResume" time="5.373"/>
</testsuite> <!-- resumeUploadinProfilePage -->
