<?xml version="1.0" encoding="UTF-8"?>
<!-- Generated by org.testng.reporters.JUnitXMLReporter -->
<testsuite ignored="0" hostname="LAPTOP-P8997V13" failures="0" tests="2" name="resumeUploadinProfilePage" time="19.478" errors="0" timestamp="2025-09-04T08:44:47 IST">
  <testcase classname="testCases.resumeUploadingProfilePage" name="clickOnUpdatePrifileLink" time="5.378"/>
  <testcase classname="testCases.resumeUploadingProfilePage" name="uploadResume" time="6.152"/>
</testsuite> <!-- resumeUploadinProfilePage -->
