<?xml version="1.0" encoding="UTF-8"?>
<!-- Generated by org.testng.reporters.JUnitXMLReporter -->
<testsuite ignored="0" hostname="LAPTOP-P8997V13" failures="1" tests="3" name="resumeUploadinProfilePage" time="78.421" errors="0" timestamp="2025-12-30T10:32:06 IST">
  <testcase classname="testCases.resumeUploadingProfilePage" name="clickOnUpdatePrifileLink" time="4.363"/>
  <testcase classname="testCases.resumeUploadingProfilePage" name="uploadResume" time="30.635">
    <skipped/>
  </testcase> <!-- uploadResume -->
  <testcase classname="testCases.resumeUploadingProfilePage" name="uploadResume" time="30.65">
    <failure type="java.lang.AssertionError" message="Test failed due to: Expected condition failed: waiting for element to be clickable: Proxy element for: DefaultElementLocator &amp;apos;By.xpath: //p[@class=&amp;apos;msg&amp;apos;]&amp;apos; (tried for 20 second(s) with 500 milliseconds interval)">
      <![CDATA[java.lang.AssertionError: Test failed due to: Expected condition failed: waiting for element to be clickable: Proxy element for: DefaultElementLocator 'By.xpath: //p[@class='msg']' (tried for 20 second(s) with 500 milliseconds interval)
at testCases.resumeUploadingProfilePage.uploadResume(resumeUploadingProfilePage.java:95)
at java.base/java.util.ArrayList.forEach(ArrayList.java:1511)
at java.base/java.util.concurrent.FutureTask.run(FutureTask.java:264)
at java.base/java.util.concurrent.ThreadPoolExecutor.runWorker(ThreadPoolExecutor.java:1136)
at java.base/java.util.concurrent.ThreadPoolExecutor$Worker.run(ThreadPoolExecutor.java:635)
at java.base/java.lang.Thread.run(Thread.java:840)
... Removed 18 stack frames]]>
    </failure>
  </testcase> <!-- uploadResume -->
</testsuite> <!-- resumeUploadinProfilePage -->
