<?xml version="1.0" encoding="UTF-8"?>
<testng-results ignored="0" total="1" passed="1" failed="0" skipped="0">
  <reporter-output>
  </reporter-output>
  <suite started-at="2025-08-17T18:48:43 IST" name="Suite" finished-at="2025-08-17T18:49:06 IST" duration-ms="22841">
    <groups>
      <group name="Master">
        <method signature="resumeUploadinProfilePage.loginTest()[pri:0, instance:testCases.resumeUploadinProfilePage@18df8434]" name="loginTest" class="testCases.resumeUploadinProfilePage"/>
      </group> <!-- Master -->
      <group name="Sanity">
        <method signature="resumeUploadinProfilePage.loginTest()[pri:0, instance:testCases.resumeUploadinProfilePage@18df8434]" name="loginTest" class="testCases.resumeUploadinProfilePage"/>
      </group> <!-- Sanity -->
      <group name="Regression">
        <method signature="resumeUploadinProfilePage.loginTest()[pri:0, instance:testCases.resumeUploadinProfilePage@18df8434]" name="loginTest" class="testCases.resumeUploadinProfilePage"/>
      </group> <!-- Regression -->
      <group name="Smoke">
        <method signature="resumeUploadinProfilePage.loginTest()[pri:0, instance:testCases.resumeUploadinProfilePage@18df8434]" name="loginTest" class="testCases.resumeUploadinProfilePage"/>
      </group> <!-- Smoke -->
    </groups>
    <test started-at="2025-08-17T18:48:43 IST" name="resumeUploadinProfilePage" finished-at="2025-08-17T18:49:06 IST" duration-ms="22841">
      <class name="testCases.resumeUploadinProfilePage">
        <test-method is-config="true" signature="initialization(java.lang.String,java.lang.String)[pri:0, instance:testCases.resumeUploadinProfilePage@18df8434]" started-at="2025-08-17T18:48:43 IST" name="initialization" finished-at="2025-08-17T18:48:58 IST" duration-ms="15104" status="PASS">
          <params>
            <param index="0">
              <value>
                <![CDATA[windows]]>
              </value>
            </param>
            <param index="1">
              <value>
                <![CDATA[chrome]]>
              </value>
            </param>
          </params>
          <reporter-output>
          </reporter-output>
        </test-method> <!-- initialization -->
        <test-method signature="loginTest()[pri:0, instance:testCases.resumeUploadinProfilePage@18df8434]" started-at="2025-08-17T18:48:58 IST" name="loginTest" finished-at="2025-08-17T18:49:05 IST" duration-ms="6884" status="PASS">
          <reporter-output>
          </reporter-output>
        </test-method> <!-- loginTest -->
        <test-method is-config="true" signature="teardown()[pri:0, instance:testCases.resumeUploadinProfilePage@18df8434]" started-at="2025-08-17T18:49:05 IST" name="teardown" finished-at="2025-08-17T18:49:06 IST" duration-ms="444" status="PASS">
          <reporter-output>
          </reporter-output>
        </test-method> <!-- teardown -->
      </class> <!-- testCases.resumeUploadinProfilePage -->
    </test> <!-- resumeUploadinProfilePage -->
  </suite> <!-- Suite -->
</testng-results>
