<?xml version="1.0" encoding="UTF-8"?>
<testng-results ignored="0" total="2" passed="2" failed="0" skipped="0">
  <reporter-output>
  </reporter-output>
  <suite started-at="2025-09-04T08:44:26 IST" name="Suite" finished-at="2025-09-04T08:44:45 IST" duration-ms="19478">
    <groups>
      <group name="Master">
        <method signature="resumeUploadingProfilePage.clickOnUpdatePrifileLink()[pri:1, instance:testCases.resumeUploadingProfilePage@18df8434]" name="clickOnUpdatePrifileLink" class="testCases.resumeUploadingProfilePage"/>
      </group> <!-- Master -->
      <group name="Sanity">
        <method signature="resumeUploadingProfilePage.clickOnUpdatePrifileLink()[pri:1, instance:testCases.resumeUploadingProfilePage@18df8434]" name="clickOnUpdatePrifileLink" class="testCases.resumeUploadingProfilePage"/>
      </group> <!-- Sanity -->
      <group name="Regression">
        <method signature="resumeUploadingProfilePage.clickOnUpdatePrifileLink()[pri:1, instance:testCases.resumeUploadingProfilePage@18df8434]" name="clickOnUpdatePrifileLink" class="testCases.resumeUploadingProfilePage"/>
      </group> <!-- Regression -->
      <group name="Smoke">
        <method signature="resumeUploadingProfilePage.clickOnUpdatePrifileLink()[pri:1, instance:testCases.resumeUploadingProfilePage@18df8434]" name="clickOnUpdatePrifileLink" class="testCases.resumeUploadingProfilePage"/>
      </group> <!-- Smoke -->
    </groups>
    <test started-at="2025-09-04T08:44:26 IST" name="resumeUploadinProfilePage" finished-at="2025-09-04T08:44:45 IST" duration-ms="19478">
      <class name="testCases.resumeUploadingProfilePage">
        <test-method is-config="true" signature="initialization(java.lang.String,java.lang.String)[pri:0, instance:testCases.resumeUploadingProfilePage@18df8434]" started-at="2025-09-04T08:44:26 IST" name="initialization" finished-at="2025-09-04T08:44:33 IST" duration-ms="6868" status="PASS">
          <params>
            <param index="0">
              <value>
                <![CDATA[windows]]>
              </value>
            </param>
            <param index="1">
              <value>
                <![CDATA[chrome]]>
              </value>
            </param>
          </params>
          <reporter-output>
          </reporter-output>
        </test-method> <!-- initialization -->
        <test-method signature="clickOnUpdatePrifileLink()[pri:1, instance:testCases.resumeUploadingProfilePage@18df8434]" started-at="2025-09-04T08:44:33 IST" name="clickOnUpdatePrifileLink" finished-at="2025-09-04T08:44:39 IST" duration-ms="5378" status="PASS">
          <reporter-output>
          </reporter-output>
        </test-method> <!-- clickOnUpdatePrifileLink -->
        <test-method signature="uploadResume()[pri:2, instance:testCases.resumeUploadingProfilePage@18df8434]" started-at="2025-09-04T08:44:39 IST" name="uploadResume" finished-at="2025-09-04T08:44:45 IST" duration-ms="6152" status="PASS">
          <reporter-output>
          </reporter-output>
        </test-method> <!-- uploadResume -->
        <test-method is-config="true" signature="teardown()[pri:0, instance:testCases.resumeUploadingProfilePage@18df8434]" started-at="2025-09-04T08:44:45 IST" name="teardown" finished-at="2025-09-04T08:44:45 IST" duration-ms="290" status="PASS">
          <reporter-output>
          </reporter-output>
        </test-method> <!-- teardown -->
      </class> <!-- testCases.resumeUploadingProfilePage -->
    </test> <!-- resumeUploadinProfilePage -->
  </suite> <!-- Suite -->
</testng-results>
