<?xml version="1.0" encoding="UTF-8"?>
<testsuite xmlns:xsi="http://www.w3.org/2001/XMLSchema-instance" xsi:noNamespaceSchemaLocation="https://maven.apache.org/surefire/maven-surefire-plugin/xsd/surefire-test-report-3.0.xsd" version="3.0" name="TestSuite" time="22.461" tests="2" errors="0" skipped="0" failures="0">
  <properties>
[...]
</properties>
  <testcase name="clickOnUpdatePrifileLink" classname="testCases.resumeUploadingProfilePage" time="5.402">
    <system-out><![CDATA[09-04-2025 08:44:31 basetest.java INFO  [TestNG-tests-1] testCases.resumeUploadingProfilePage 113 - cookies deleted
09-04-2025 08:44:33 resumeUploadingProfilePage.java INFO  [TestNG-tests-1] testCases.resumeUploadingProfilePage 37 - ******* Started TC_03_Resume Upload Testcase *******
09-04-2025 08:44:34 resumeUploadingProfilePage.java INFO  [TestNG-tests-1] testCases.resumeUploadingProfilePage 39 - Login successful with provided credentials
09-04-2025 08:44:36 resumeUploadingProfilePage.java INFO  [TestNG-tests-1] testCases.resumeUploadingProfilePage 42 - Clicked on user icon
09-04-2025 08:44:37 resumeUploadingProfilePage.java INFO  [TestNG-tests-1] testCases.resumeUploadingProfilePage 44 - Clicked on ViewAndUpdateProfileLink
]]></system-out>
    <system-err><![CDATA[SLF4J(W): No SLF4J providers were found.
SLF4J(W): Defaulting to no-operation (NOP) logger implementation
SLF4J(W): See https://www.slf4j.org/codes.html#noProviders for further details.
SLF4J(W): Class path contains SLF4J bindings targeting slf4j-api versions 1.7.x or earlier.
SLF4J(W): Ignoring binding found at [jar:file:/C:/Users/phani/.m2/repository/org/apache/logging/log4j/log4j-slf4j-impl/2.17.2/log4j-slf4j-impl-2.17.2.jar!/org/slf4j/impl/StaticLoggerBinder.class]
SLF4J(W): See https://www.slf4j.org/codes.html#ignoredBindings for an explanation.
Sep 04, 2025 8:44:31 AM org.openqa.selenium.devtools.CdpVersionFinder findNearestMatch
WARNING: Unable to find CDP implementation matching 139
Sep 04, 2025 8:44:31 AM org.openqa.selenium.chromium.ChromiumDriver lambda$new$5
WARNING: Unable to find version of CDP to use for 139.0.7258.155. You may need to include a dependency on a specific version of the CDP using something similar to `org.seleniumhq.selenium:selenium-devtools-v86:4.18.1` where the version ("v86") matches the version of the chromium-based browser you're using and the version number of the artifact is the same as Selenium's.
]]></system-err>
  </testcase>
  <testcase name="uploadResume" classname="testCases.resumeUploadingProfilePage" time="6.153">
    <system-out><![CDATA[09-04-2025 08:44:39 resumeUploadingProfilePage.java INFO  [TestNG-tests-1] testCases.resumeUploadingProfilePage 61 - Clicked on upload resume link
09-04-2025 08:44:41 resumeUploadingProfilePage.java INFO  [TestNG-tests-1] testCases.resumeUploadingProfilePage 79 - Resume uploaded successfully
09-04-2025 08:44:45 resumeUploadingProfilePage.java INFO  [TestNG-tests-1] testCases.resumeUploadingProfilePage 85 - Success message is displayed!
09-04-2025 08:44:45 resumeUploadingProfilePage.java INFO  [TestNG-tests-1] testCases.resumeUploadingProfilePage 91 - ******* Finished TC_03_Resume Upload Testcase *******
]]></system-out>
  </testcase>
</testsuite>