<?xml version="1.0" encoding="UTF-8"?>
<testng-results ignored="0" total="2" passed="2" failed="0" skipped="0">
  <reporter-output>
  </reporter-output>
  <suite started-at="2026-02-03T10:30:49 IST" name="Suite" finished-at="2026-02-03T10:31:07 IST" duration-ms="18018">
    <groups>
      <group name="Master">
        <method signature="resumeUploadingProfilePage.clickOnUpdateProfileLink()[pri:1, instance:testCases.resumeUploadingProfilePage@609e8838]" name="clickOnUpdateProfileLink" class="testCases.resumeUploadingProfilePage"/>
      </group> <!-- Master -->
      <group name="Sanity">
        <method signature="resumeUploadingProfilePage.clickOnUpdateProfileLink()[pri:1, instance:testCases.resumeUploadingProfilePage@609e8838]" name="clickOnUpdateProfileLink" class="testCases.resumeUploadingProfilePage"/>
      </group> <!-- Sanity -->
      <group name="Regression">
        <method signature="resumeUploadingProfilePage.clickOnUpdateProfileLink()[pri:1, instance:testCases.resumeUploadingProfilePage@609e8838]" name="clickOnUpdateProfileLink" class="testCases.resumeUploadingProfilePage"/>
      </group> <!-- Regression -->
      <group name="Smoke">
        <method signature="resumeUploadingProfilePage.clickOnUpdateProfileLink()[pri:1, instance:testCases.resumeUploadingProfilePage@609e8838]" name="clickOnUpdateProfileLink" class="testCases.resumeUploadingProfilePage"/>
      </group> <!-- Smoke -->
    </groups>
    <test started-at="2026-02-03T10:30:49 IST" name="resumeUploadinProfilePage" finished-at="2026-02-03T10:31:07 IST" duration-ms="18018">
      <class name="testCases.resumeUploadingProfilePage">
        <test-method is-config="true" signature="initialization(java.lang.String,java.lang.String)[pri:0, instance:testCases.resumeUploadingProfilePage@609e8838]" started-at="2026-02-03T10:30:49 IST" name="initialization" finished-at="2026-02-03T10:30:57 IST" duration-ms="7238" status="PASS">
          <params>
            <param index="0">
              <value>
                <![CDATA[windows]]>
              </value>
            </param>
            <param index="1">
              <value>
                <![CDATA[chrome]]>
              </value>
            </param>
          </params>
          <reporter-output>
          </reporter-output>
        </test-method> <!-- initialization -->
        <test-method signature="clickOnUpdateProfileLink()[pri:1, instance:testCases.resumeUploadingProfilePage@609e8838]" started-at="2026-02-03T10:30:57 IST" name="clickOnUpdateProfileLink" finished-at="2026-02-03T10:31:02 IST" duration-ms="5581" status="PASS">
          <reporter-output>
          </reporter-output>
        </test-method> <!-- clickOnUpdateProfileLink -->
        <test-method signature="uploadResume()[pri:2, instance:testCases.resumeUploadingProfilePage@609e8838]" started-at="2026-02-03T10:31:02 IST" name="uploadResume" finished-at="2026-02-03T10:31:07 IST" duration-ms="4348" status="PASS">
          <reporter-output>
          </reporter-output>
        </test-method> <!-- uploadResume -->
        <test-method is-config="true" signature="teardown()[pri:0, instance:testCases.resumeUploadingProfilePage@609e8838]" started-at="2026-02-03T10:31:07 IST" name="teardown" finished-at="2026-02-03T10:31:07 IST" duration-ms="395" status="PASS">
          <reporter-output>
          </reporter-output>
        </test-method> <!-- teardown -->
      </class> <!-- testCases.resumeUploadingProfilePage -->
    </test> <!-- resumeUploadinProfilePage -->
  </suite> <!-- Suite -->
</testng-results>
