<?xml version="1.0" encoding="UTF-8"?>
<testng-results ignored="0" total="2" passed="2" failed="0" skipped="0">
  <reporter-output>
  </reporter-output>
  <suite started-at="2025-09-02T18:43:50 IST" name="Suite" finished-at="2025-09-02T18:44:11 IST" duration-ms="20716">
    <groups>
      <group name="Master">
        <method signature="resumeUploadinProfilePage.clickOnUpdatePrifileLink()[pri:1, instance:testCases.resumeUploadinProfilePage@609e8838]" name="clickOnUpdatePrifileLink" class="testCases.resumeUploadinProfilePage"/>
      </group> <!-- Master -->
      <group name="Sanity">
        <method signature="resumeUploadinProfilePage.clickOnUpdatePrifileLink()[pri:1, instance:testCases.resumeUploadinProfilePage@609e8838]" name="clickOnUpdatePrifileLink" class="testCases.resumeUploadinProfilePage"/>
      </group> <!-- Sanity -->
      <group name="Regression">
        <method signature="resumeUploadinProfilePage.clickOnUpdatePrifileLink()[pri:1, instance:testCases.resumeUploadinProfilePage@609e8838]" name="clickOnUpdatePrifileLink" class="testCases.resumeUploadinProfilePage"/>
      </group> <!-- Regression -->
      <group name="Smoke">
        <method signature="resumeUploadinProfilePage.clickOnUpdatePrifileLink()[pri:1, instance:testCases.resumeUploadinProfilePage@609e8838]" name="clickOnUpdatePrifileLink" class="testCases.resumeUploadinProfilePage"/>
      </group> <!-- Smoke -->
    </groups>
    <test started-at="2025-09-02T18:43:50 IST" name="resumeUploadinProfilePage" finished-at="2025-09-02T18:44:11 IST" duration-ms="20716">
      <class name="testCases.resumeUploadinProfilePage">
        <test-method is-config="true" signature="initialization(java.lang.String,java.lang.String)[pri:0, instance:testCases.resumeUploadinProfilePage@609e8838]" started-at="2025-09-02T18:43:51 IST" name="initialization" finished-at="2025-09-02T18:44:01 IST" duration-ms="10072" status="PASS">
          <params>
            <param index="0">
              <value>
                <![CDATA[windows]]>
              </value>
            </param>
            <param index="1">
              <value>
                <![CDATA[chrome]]>
              </value>
            </param>
          </params>
          <reporter-output>
          </reporter-output>
        </test-method> <!-- initialization -->
        <test-method signature="clickOnUpdatePrifileLink()[pri:1, instance:testCases.resumeUploadinProfilePage@609e8838]" started-at="2025-09-02T18:44:01 IST" name="clickOnUpdatePrifileLink" finished-at="2025-09-02T18:44:05 IST" duration-ms="4512" status="PASS">
          <reporter-output>
          </reporter-output>
        </test-method> <!-- clickOnUpdatePrifileLink -->
        <test-method signature="uploadResume()[pri:2, instance:testCases.resumeUploadinProfilePage@609e8838]" started-at="2025-09-02T18:44:06 IST" name="uploadResume" finished-at="2025-09-02T18:44:11 IST" duration-ms="5373" status="PASS">
          <reporter-output>
          </reporter-output>
        </test-method> <!-- uploadResume -->
        <test-method is-config="true" signature="teardown()[pri:0, instance:testCases.resumeUploadinProfilePage@609e8838]" started-at="2025-09-02T18:44:11 IST" name="teardown" finished-at="2025-09-02T18:44:11 IST" duration-ms="315" status="PASS">
          <reporter-output>
          </reporter-output>
        </test-method> <!-- teardown -->
      </class> <!-- testCases.resumeUploadinProfilePage -->
    </test> <!-- resumeUploadinProfilePage -->
  </suite> <!-- Suite -->
</testng-results>
