<?xml version="1.0" encoding="UTF-8"?>
<!-- Generated by org.testng.reporters.JUnitReportReporter -->
<testsuite hostname="LAPTOP-P8997V13" failures="0" tests="2" name="testCases.resumeUploadingProfilePage" time="8.591" errors="0" timestamp="2026-02-03T10:24:35 IST" skipped="0">
  <testcase classname="testCases.resumeUploadingProfilePage" name="clickOnUpdateProfileLink" time="4.386"/>
  <testcase classname="testCases.resumeUploadingProfilePage" name="uploadResume" time="4.205"/>
</testsuite> <!-- testCases.resumeUploadingProfilePage -->
